### ISSUE TITLE
Handling jumptables which contain offsets instead of addresses

### ISSUE THREAD

**Issue by mephi42** [angr/angr#1289]
I'm trying to make jumptables work on s390x. gcc generates the following code for `cfg_switches`:

```
00000000000007c0 <func_0>:
 7c0:   a7 2a ff ff             ahi     %r2,-1
 7c4:   ec 2c 00 08 0b 7f       clijnh  %r2,11,7d4 <func_0+0x14>
 7ca:   a7 28 00 00             lhi     %r2,0
 7ce:   b9 14 00 22             lgfr    %r2,%r2
 7d2:   07 fe                   br      %r14
 7d4:   ec 22 1d bc 03 59       risbgn  %r2,%r2,29,188,3
 7da:   c0 10 00 00 01 3b       larl    %r1,a50 <_IO_stdin_used+0x8>
 7e0:   e3 22 10 00 00 04       lg      %r2,0(%r2,%r1)
 7e6:   47 f2 10 00             b       0(%r2,%r1)
```

This means: if `x` is between 1 and 12, jump to `0xa50 + *(0xa50+(x-1)*8)`. Note that jump table contains an offset, and not an address! So I tried to tweak jumptable code to deal with such construct.

Here is the IR in question:

```
   00 | ------ IMark(0x4007c0, 4, 0) ------
+  01 | t0 = GET:I32(212)
+  02 | t1 = Add32(t0,0xffffffff)
   03 | PUT(352) = 0x0000000000000003
   04 | t13 = 32Sto64(t0)
   05 | t6 = t13
   06 | PUT(360) = t6
   07 | PUT(368) = 0xffffffffffffffff
   08 | PUT(376) = 0x0000000000000000
   09 | PUT(212) = t1
   10 | PUT(ia) = 0x00000000004007c4
   11 | ------ IMark(0x4007c4, 6, 0) ------
+  12 | t14 = 32Uto64(t1)
+  13 | t8 = t14
+  14 | t16 = CmpLE64U(t8,0x000000000000000b)
+  15 | t15 = 1Uto32(t16)
+  16 | t10 = t15
+  17 | t11 = CmpNE32(t10,0x00000000)
+  18 | if (t11) { PUT(ia) = 0x4007d4; Ijk_Boring }
   NEXT: PUT(ia) = 0x00000000004007ca; Ijk_Boring
   
   00 | ------ IMark(0x4007d4, 6, 0) ------
+  01 | t8 = GET:I64(r2)
+  02 | t7 = Shl64(t8,0x03)
+  03 | t9 = Shr64(t8,0x3d)
+  04 | t6 = Or64(t7,t9)
+  05 | t11 = And64(t6,0x00000007fffffff8)
   06 | ------ IMark(0x4007da, 6, 0) ------
   07 | PUT(r1) = 0x0000000000400a50
   08 | PUT(ia) = 0x00000000004007e0
   09 | ------ IMark(0x4007e0, 6, 0) ------
+  10 | t12 = Add64(0x0000000000400a50,t11)
   11 | t16 = LDbe:I64(t12)
   12 | PUT(r2) = t16
   13 | ------ IMark(0x4007e6, 4, 0) ------
   14 | t17 = Add64(0x0000000000400a50,t16)
   NEXT: PUT(ia) = t17; Ijk_Boring
```

I marked portions selected by `Blade` with `+`. First, I had to skip over the `Add` to get to the `Load`:

```
@@ -93,6 +93,12 @@ class JumpTableResolver(IndirectJumpResolver):
                     # > t44 = ITE(t43,t16,0x0000c844)
                     stmts_to_remove.append(stmt_loc)
                     continue
+                elif isinstance(stmt.data, pyvex.IRExpr.Binop) and stmt.data.op == 'Iop_Add64':
+                    # jump_label = &jump_table + *(jump_table[index])
+                    #   14 | t17 = Add64(0x0000000000400a50,t16)
+                    #   NEXT: PUT(ia) = t17; Ijk_Boring
+                    stmts_to_remove.append(stmt_loc)
+                    continue
                 elif isinstance(stmt.data, pyvex.IRExpr.Load):
                     # Got it!
                     load_stmt, load_stmt_loc = stmt, stmt_loc
```

And now I'm stuck in the following situation. Eventually we process the `t16 = LDbe:I64(t12)` statement in `SimAbstractMemory.load()`. The address looks right, angr has correctly inferred that the jump table address is `0x400a50` and the index is between 1 and 12:

```
<BV64 0x400a50 + (((reg_r2_6_32{UNINITIALIZED} .. intersection(reg_212_0_32{UNINITIALIZED}, bound_1_32{min=0x1, max=0xc}) << 0x3) | LShR(reg_r2_6_32{UNINITIALIZED} .. intersection(reg_212_0_32{UNINITIALIZED}, bound_1_32{min=0x1, max=0xc}), 0x3d)) & 0x7fffffff8)>
```

Ideally, this load should evaluate to a union of all constants from the jump table (can angr represent that? I assume yes, otherwise regular jump tables should not work). However, after `addr_e = self.state._inspect_getattr("mem_read_address", addr_e)` call `addr_e` becomes `<BV64 0xc000000>` (presumably due to `UninitReadMeta`), which looks completely bogus.

Any ideas how to proceed from here?

**Comment by ltfish** [comment]
Is there a disassembler that I can use for s390x other than objdump and radare2?

**Comment by ltfish** [comment]
Also, is it still the case that you can only analyze s390x code on s390x?

**Comment by ltfish** [comment]
Apparently changing `main_main.c` does not trigger a rebuild of vex because `multiarch_main_main.c` is used by default... gah

@rhelmot How can we fix this problem?

**Comment by rhelmot** [comment]
https://github.com/angr/vex/commit/fa4c9108f179fddb33cd4363613fb95f20f211f1

**Comment by ltfish** [comment]
Apparently I can use angr management to disassemble s390 binaries! My problem is solved. Now I'm looking into handling this jump table.

**Comment by ltfish** [comment]
It seems to me that the lifting result of `clijnh  %r2,11,7d4 <func_0+0x14>` is incorrect. VEX is only using the lower half of `%r2`, where (I think) `clijnh` should be using the entire 64 bits of  the `%r2` register. Can you please confirm my understanding?

**Comment by ltfish** [comment]
Assuming VEX is correct (`clijnh` is only using the lower half of `%r2`), then the upper half of `%r2` can be an arbitrary value (because it is not initialized when this piece of code is executed). Let's simulate the execution of instruction `0x4007d4`, assuming the upper half of `%r2` is 0xffffffff, and the lower half of `%r2` is 0:

```
mask = 0xffffffffffffffff

t8 = (0xffffffff << 32 ) | 0x00000000
t7 = t8 >> 0x3d
t9 = (t8 << 3) & mask
t6 = t7 | t8
print(hex(t6))
t11 = t6 & 0x00000007fffffff8
print(hex(t11))
```

Output:
```
0xffffffff00000007L
0x700000000L
```

which means `t11` can be as large as `0x70000000`, which seems incorrect to me. VSA agrees with me on this, which is why angr's jump table resolving code cannot handle this case.

**Comment by ltfish** [comment]
I pushed my implementation to branch [fix/s390x_jumptable](https://github.com/angr/angr/tree/fix/s390x_jumptable). Feel free to keep debugging it.

**Comment by ltfish** [comment]
Update: According to [the ISA manual](https://www.ibm.com/support/knowledgecenter/SSQ2R2_14.1.0/com.ibm.tpf.toolkit.hlasm.doc/dz9zr006.pdf), VEX is correct. I'm out of ideas for now.

**Comment by ltfish** [comment]
Remote debugging in Qemu + GDB:

```
(gdb) si
0x00000040000007c4 in ?? ()
=> 0x00000040000007c4:	ec 2c 00 08 0b 7f	clijnh	%r2,11,0x40000007d4
(gdb) i r $r2
r2             0xffffffff00000000	18446744069414584320
(gdb) si
0x00000040000007d4 in ?? ()
=> 0x00000040000007d4:	ec 22 1d bc 03 59	risbgn	%r2,%r2,29,188,3
(gdb) i r $r2
r2             0xffffffff00000000	18446744069414584320
(gdb) si
0x00000040000007da in ?? ()
=> 0x00000040000007da:	c0 10 00 00 01 3b	larl	%r1,0x4000000a50
(gdb) i r $r2
r2             0x0	0
```

Unless I'm hallucinating, it seems to me that the way VEX lifts `risbgn` is wrong.

**Comment by ltfish** [comment]
OK. The culprit is the precision loss during VSA. We cannot precisely handle `(A <<< 3) & 0x7ffffff8`. We should be able to handle `(A & 0xffffffff) <<< 3` though. Let me see if I can write a simplifier in claripy, or maybe I should be able to special-case it here in the jumptable resolver for 64-bit S390X binaries.

**Comment by ltfish** [comment]
```
In [4]: pprint.pprint(cfg.jump_tables)
{4196308: <IndirectJump 0x4007d4 - ins 0x4007e6 jumptable@0x400a50 with 12 entries>,
 4196466: <IndirectJump 0x400872 - ins 0x400884 jumptable@0x400ab0 with 37 entries>,
 4196670: <IndirectJump 0x40093e - ins 0x400950 jumptable@0x400bd8 with 5 entries>}
```

We are missing one jump table at 0x400638 due to the loss of precision in VSA when handling zero-extension and negative numbers (e.g., `ZeroExt(32, SI(bits=32, lower_bound=0xfffffffe, upper_bound=0xa)).cardinality` is an insane number because we are now including all numbers between `0xfffffffe` (64-bit) and `0xa` (64-bit)). I think the correct solution is to add a better support for zero extensions in VSA. So I'll stop hacking things around this specific issue and call it a day.

angr PR #1302 and several PRs in archinfo and claripy should resolve this issue. Thanks for reporting.
